     _____  _       ____   _    _  _____         _______  ____   _____
    / ____|| |     / __ \ | |  | ||  __ \    /\ |__   __|/ __ \ |  __ \
   | |     | |    | |  | || |  | || |  | |  /  \   | |  | |  | || |__) |
   | |     | |    | |  | || |  | || |  | | / /\ \  | |  | |  | ||  _  /
   | |____ | |____| |__| || |__| || |__| |/ ____ \ | |  | |__| || | \ \
    \_____||______|\____/  \____/ |_____//_/    \_\|_|   \____/ |_|  \_\

Started at [2024-01-26 15:06:39] 
     _____  _       ____   _    _  _____         _______  ____   _____
    / ____|| |     / __ \ | |  | ||  __ \    /\ |__   __|/ __ \ |  __ \
   | |     | |    | |  | || |  | || |  | |  /  \   | |  | |  | || |__) |
   | |     | |    | |  | || |  | || |  | | / /\ \  | |  | |  | ||  _  /
   | |____ | |____| |__| || |__| || |__| |/ ____ \ | |  | |__| || | \ \
    \_____||______|\____/  \____/ |_____//_/    \_\|_|   \____/ |_|  \_\

Started at [2024-01-26 15:31:46] 
     _____  _       ____   _    _  _____         _______  ____   _____
    / ____|| |     / __ \ | |  | ||  __ \    /\ |__   __|/ __ \ |  __ \
   | |     | |    | |  | || |  | || |  | |  /  \   | |  | |  | || |__) |
   | |     | |    | |  | || |  | || |  | | / /\ \  | |  | |  | ||  _  /
   | |____ | |____| |__| || |__| || |__| |/ ____ \ | |  | |__| || | \ \
    \_____||______|\____/  \____/ |_____//_/    \_\|_|   \____/ |_|  \_\

Started at [2024-01-26 15:32:50] 
[LOG][2024-01-26 15:33:23] El usuario con id '4' ha sido bloqueado
[LOG][2024-01-26 15:35:50] El usuario con id '2' ha iniciado sesión, tiene el rol 'ROLE_USER'
     _____  _       ____   _    _  _____         _______  ____   _____
    / ____|| |     / __ \ | |  | ||  __ \    /\ |__   __|/ __ \ |  __ \
   | |     | |    | |  | || |  | || |  | |  /  \   | |  | |  | || |__) |
   | |     | |    | |  | || |  | || |  | | / /\ \  | |  | |  | ||  _  /
   | |____ | |____| |__| || |__| || |__| |/ ____ \ | |  | |__| || | \ \
    \_____||______|\____/  \____/ |_____//_/    \_\|_|   \____/ |_|  \_\

Started at [2024-01-26 15:39:37] 
[LOG][2024-01-26 15:40:04] El usuario con id '2' ha iniciado sesión, tiene el rol 'ROLE_USER'
     _____  _       ____   _    _  _____         _______  ____   _____
    / ____|| |     / __ \ | |  | ||  __ \    /\ |__   __|/ __ \ |  __ \
   | |     | |    | |  | || |  | || |  | |  /  \   | |  | |  | || |__) |
   | |     | |    | |  | || |  | || |  | | / /\ \  | |  | |  | ||  _  /
   | |____ | |____| |__| || |__| || |__| |/ ____ \ | |  | |__| || | \ \
    \_____||______|\____/  \____/ |_____//_/    \_\|_|   \____/ |_|  \_\

Started at [2024-01-26 15:48:20] 
     _____  _       ____   _    _  _____         _______  ____   _____
    / ____|| |     / __ \ | |  | ||  __ \    /\ |__   __|/ __ \ |  __ \
   | |     | |    | |  | || |  | || |  | |  /  \   | |  | |  | || |__) |
   | |     | |    | |  | || |  | || |  | | / /\ \  | |  | |  | ||  _  /
   | |____ | |____| |__| || |__| || |__| |/ ____ \ | |  | |__| || | \ \
    \_____||______|\____/  \____/ |_____//_/    \_\|_|   \____/ |_|  \_\

Started at [2024-01-26 15:48:40] 
[LOG][2024-01-26 15:49:50] El usuario con id '2' ha iniciado sesión, tiene el rol 'ROLE_USER'
     _____  _       ____   _    _  _____         _______  ____   _____
    / ____|| |     / __ \ | |  | ||  __ \    /\ |__   __|/ __ \ |  __ \
   | |     | |    | |  | || |  | || |  | |  /  \   | |  | |  | || |__) |
   | |     | |    | |  | || |  | || |  | | / /\ \  | |  | |  | ||  _  /
   | |____ | |____| |__| || |__| || |__| |/ ____ \ | |  | |__| || | \ \
    \_____||______|\____/  \____/ |_____//_/    \_\|_|   \____/ |_|  \_\

Started at [2024-01-26 16:09:01] 
[LOG][2024-01-26 16:09:42] El usuario con id '2' ha iniciado sesión, tiene el rol 'ROLE_USER'
     _____  _       ____   _    _  _____         _______  ____   _____
    / ____|| |     / __ \ | |  | ||  __ \    /\ |__   __|/ __ \ |  __ \
   | |     | |    | |  | || |  | || |  | |  /  \   | |  | |  | || |__) |
   | |     | |    | |  | || |  | || |  | | / /\ \  | |  | |  | ||  _  /
   | |____ | |____| |__| || |__| || |__| |/ ____ \ | |  | |__| || | \ \
    \_____||______|\____/  \____/ |_____//_/    \_\|_|   \____/ |_|  \_\

Started at [2024-01-26 17:02:30] 
[LOG][2024-01-26 17:02:56] El usuario con id '2' ha iniciado sesión, tiene el rol 'ROLE_USER'
     _____  _       ____   _    _  _____         _______  ____   _____
    / ____|| |     / __ \ | |  | ||  __ \    /\ |__   __|/ __ \ |  __ \
   | |     | |    | |  | || |  | || |  | |  /  \   | |  | |  | || |__) |
   | |     | |    | |  | || |  | || |  | | / /\ \  | |  | |  | ||  _  /
   | |____ | |____| |__| || |__| || |__| |/ ____ \ | |  | |__| || | \ \
    \_____||______|\____/  \____/ |_____//_/    \_\|_|   \____/ |_|  \_\

Started at [2024-01-26 17:12:39] 
     _____  _       ____   _    _  _____         _______  ____   _____
    / ____|| |     / __ \ | |  | ||  __ \    /\ |__   __|/ __ \ |  __ \
   | |     | |    | |  | || |  | || |  | |  /  \   | |  | |  | || |__) |
   | |     | |    | |  | || |  | || |  | | / /\ \  | |  | |  | ||  _  /
   | |____ | |____| |__| || |__| || |__| |/ ____ \ | |  | |__| || | \ \
    \_____||______|\____/  \____/ |_____//_/    \_\|_|   \____/ |_|  \_\

Started at [2024-01-26 17:12:52] 
     _____  _       ____   _    _  _____         _______  ____   _____
    / ____|| |     / __ \ | |  | ||  __ \    /\ |__   __|/ __ \ |  __ \
   | |     | |    | |  | || |  | || |  | |  /  \   | |  | |  | || |__) |
   | |     | |    | |  | || |  | || |  | | / /\ \  | |  | |  | ||  _  /
   | |____ | |____| |__| || |__| || |__| |/ ____ \ | |  | |__| || | \ \
    \_____||______|\____/  \____/ |_____//_/    \_\|_|   \____/ |_|  \_\

Started at [2024-01-26 17:13:14] 
[LOG][2024-01-26 17:13:51] El usuario con id '2' ha iniciado sesión, tiene el rol 'ROLE_USER'
