
Started at [2023-12-07 10:28:26] 
[LOG][2023-12-07 10:29:14] El usuario con id '7' ha sido bloqueado

Started at [2023-12-07 10:35:33] 
[LOG][2023-12-07 10:36:02] El usuario con id '16' ha sido creado
[LOG][2023-12-07 10:47:37] El usuario con id '16' ha iniciado sesión, tiene el rol 'ROLE_USER'

Started at [2023-12-07 10:52:43] 
[LOG][2023-12-07 10:53:01] El usuario con id '8' ha iniciado sesión, tiene el rol 'ROLE_SUPERADMIN'

Started at [2023-12-07 11:22:38] 
[LOG][2023-12-07 11:23:19] El usuario con id '8' ha iniciado sesión, tiene el rol 'ROLE_SUPERADMIN'

Started at [2023-12-07 11:32:31] 
[LOG][2023-12-07 11:33:17] El usuario con id '16' ha iniciado sesión, tiene el rol 'ROLE_USER'

Started at [2023-12-07 11:56:08] 
[LOG][2023-12-07 11:56:27] El usuario con id '8' ha iniciado sesión, tiene el rol 'ROLE_SUPERADMIN'
[LOG][2023-12-07 11:58:35] El usuario con id '16' ha iniciado sesión, tiene el rol 'ROLE_USER'
[LOG][2023-12-07 12:00:19] El usuario con id '16' ha iniciado sesión, tiene el rol 'ROLE_USER'

Started at [2023-12-07 12:02:26] 
[LOG][2023-12-07 12:02:54] El usuario con id '8' ha iniciado sesión, tiene el rol 'ROLE_SUPERADMIN'

Started at [2023-12-07 12:18:44] 

Started at [2023-12-07 12:19:17] 
[LOG][2023-12-07 12:21:28] El usuario con id '8' ha iniciado sesión, tiene el rol 'ROLE_SUPERADMIN'
[LOG][2023-12-07 12:23:26] El usuario con id '15' ha intentado iniciar sesión, pero la cuenta está bloqueada
[LOG][2023-12-07 12:23:26] El usuario con id '15' ha intentado iniciar sesión, tiene '1' intentos fallidos
[LOG][2023-12-07 12:23:46] El usuario con id '15' ha intentado iniciar sesión, pero la cuenta está bloqueada
[LOG][2023-12-07 12:23:46] El usuario con id '15' ha intentado iniciar sesión, tiene '2' intentos fallidos

Started at [2023-12-07 12:29:30] 
[LOG][2023-12-07 12:29:55] El usuario con id '8' ha iniciado sesión, tiene el rol 'ROLE_SUPERADMIN'

Started at [2023-12-07 12:37:31] 
[LOG][2023-12-07 12:38:00] El usuario con id '8' ha iniciado sesión, tiene el rol 'ROLE_SUPERADMIN'

Started at [2023-12-07 12:45:56] 

Started at [2023-12-07 12:46:10] 
[LOG][2023-12-07 12:46:29] El usuario con id '8' ha iniciado sesión, tiene el rol 'ROLE_SUPERADMIN'

Started at [2023-12-07 12:53:00] 

Started at [2023-12-07 13:00:28] 
[LOG][2023-12-07 13:00:48] El usuario con id '8' ha iniciado sesión, tiene el rol 'ROLE_SUPERADMIN'

Started at [2023-12-07 13:10:38] 
[LOG][2023-12-07 13:11:01] El usuario con id '8' ha iniciado sesión, tiene el rol 'ROLE_SUPERADMIN'

Started at [2023-12-07 13:17:08] 
[LOG][2023-12-07 13:17:22] El usuario con id '8' ha iniciado sesión, tiene el rol 'ROLE_SUPERADMIN'

Started at [2023-12-07 13:27:32] 
[LOG][2023-12-07 13:28:26] El usuario con id '17' ha sido creado

Started at [2023-12-07 13:45:49] 
[LOG][2023-12-07 13:46:26] El usuario con id '17' ha iniciado sesión, tiene el rol 'ROLE_USER'

Started at [2023-12-07 13:50:44] 
[LOG][2023-12-07 13:51:12] El usuario con id '17' ha iniciado sesión, tiene el rol 'ROLE_USER'
