     _____  _       ____   _    _  _____         _______  ____   _____
    / ____|| |     / __ \ | |  | ||  __ \    /\ |__   __|/ __ \ |  __ \
   | |     | |    | |  | || |  | || |  | |  /  \   | |  | |  | || |__) |
   | |     | |    | |  | || |  | || |  | | / /\ \  | |  | |  | ||  _  /
   | |____ | |____| |__| || |__| || |__| |/ ____ \ | |  | |__| || | \ \
    \_____||______|\____/  \____/ |_____//_/    \_\|_|   \____/ |_|  \_\

Started at [2023-12-22 12:50:01] 
     _____  _       ____   _    _  _____         _______  ____   _____
    / ____|| |     / __ \ | |  | ||  __ \    /\ |__   __|/ __ \ |  __ \
   | |     | |    | |  | || |  | || |  | |  /  \   | |  | |  | || |__) |
   | |     | |    | |  | || |  | || |  | | / /\ \  | |  | |  | ||  _  /
   | |____ | |____| |__| || |__| || |__| |/ ____ \ | |  | |__| || | \ \
    \_____||______|\____/  \____/ |_____//_/    \_\|_|   \____/ |_|  \_\

Started at [2023-12-22 12:50:17] 
     _____  _       ____   _    _  _____         _______  ____   _____
    / ____|| |     / __ \ | |  | ||  __ \    /\ |__   __|/ __ \ |  __ \
   | |     | |    | |  | || |  | || |  | |  /  \   | |  | |  | || |__) |
   | |     | |    | |  | || |  | || |  | | / /\ \  | |  | |  | ||  _  /
   | |____ | |____| |__| || |__| || |__| |/ ____ \ | |  | |__| || | \ \
    \_____||______|\____/  \____/ |_____//_/    \_\|_|   \____/ |_|  \_\

Started at [2023-12-22 13:00:15] 
     _____  _       ____   _    _  _____         _______  ____   _____
    / ____|| |     / __ \ | |  | ||  __ \    /\ |__   __|/ __ \ |  __ \
   | |     | |    | |  | || |  | || |  | |  /  \   | |  | |  | || |__) |
   | |     | |    | |  | || |  | || |  | | / /\ \  | |  | |  | ||  _  /
   | |____ | |____| |__| || |__| || |__| |/ ____ \ | |  | |__| || | \ \
    \_____||______|\____/  \____/ |_____//_/    \_\|_|   \____/ |_|  \_\

Started at [2023-12-22 13:05:38] 
     _____  _       ____   _    _  _____         _______  ____   _____
    / ____|| |     / __ \ | |  | ||  __ \    /\ |__   __|/ __ \ |  __ \
   | |     | |    | |  | || |  | || |  | |  /  \   | |  | |  | || |__) |
   | |     | |    | |  | || |  | || |  | | / /\ \  | |  | |  | ||  _  /
   | |____ | |____| |__| || |__| || |__| |/ ____ \ | |  | |__| || | \ \
    \_____||______|\____/  \____/ |_____//_/    \_\|_|   \____/ |_|  \_\

Started at [2023-12-22 13:06:02] 
     _____  _       ____   _    _  _____         _______  ____   _____
    / ____|| |     / __ \ | |  | ||  __ \    /\ |__   __|/ __ \ |  __ \
   | |     | |    | |  | || |  | || |  | |  /  \   | |  | |  | || |__) |
   | |     | |    | |  | || |  | || |  | | / /\ \  | |  | |  | ||  _  /
   | |____ | |____| |__| || |__| || |__| |/ ____ \ | |  | |__| || | \ \
    \_____||______|\____/  \____/ |_____//_/    \_\|_|   \____/ |_|  \_\

Started at [2023-12-22 13:08:56] 
     _____  _       ____   _    _  _____         _______  ____   _____
    / ____|| |     / __ \ | |  | ||  __ \    /\ |__   __|/ __ \ |  __ \
   | |     | |    | |  | || |  | || |  | |  /  \   | |  | |  | || |__) |
   | |     | |    | |  | || |  | || |  | | / /\ \  | |  | |  | ||  _  /
   | |____ | |____| |__| || |__| || |__| |/ ____ \ | |  | |__| || | \ \
    \_____||______|\____/  \____/ |_____//_/    \_\|_|   \____/ |_|  \_\

Started at [2023-12-22 23:23:32] 
     _____  _       ____   _    _  _____         _______  ____   _____
    / ____|| |     / __ \ | |  | ||  __ \    /\ |__   __|/ __ \ |  __ \
   | |     | |    | |  | || |  | || |  | |  /  \   | |  | |  | || |__) |
   | |     | |    | |  | || |  | || |  | | / /\ \  | |  | |  | ||  _  /
   | |____ | |____| |__| || |__| || |__| |/ ____ \ | |  | |__| || | \ \
    \_____||______|\____/  \____/ |_____//_/    \_\|_|   \____/ |_|  \_\

Started at [2023-12-22 23:23:48] 
