     _____  _       ____   _    _  _____         _______  ____   _____
    / ____|| |     / __ \ | |  | ||  __ \    /\ |__   __|/ __ \ |  __ \
   | |     | |    | |  | || |  | || |  | |  /  \   | |  | |  | || |__) |
   | |     | |    | |  | || |  | || |  | | / /\ \  | |  | |  | ||  _  /
   | |____ | |____| |__| || |__| || |__| |/ ____ \ | |  | |__| || | \ \
    \_____||______|\____/  \____/ |_____//_/    \_\|_|   \____/ |_|  \_\

Started at [2023-12-21 20:48:02] 
     _____  _       ____   _    _  _____         _______  ____   _____
    / ____|| |     / __ \ | |  | ||  __ \    /\ |__   __|/ __ \ |  __ \
   | |     | |    | |  | || |  | || |  | |  /  \   | |  | |  | || |__) |
   | |     | |    | |  | || |  | || |  | | / /\ \  | |  | |  | ||  _  /
   | |____ | |____| |__| || |__| || |__| |/ ____ \ | |  | |__| || | \ \
    \_____||______|\____/  \____/ |_____//_/    \_\|_|   \____/ |_|  \_\

Started at [2023-12-21 21:11:04] 
     _____  _       ____   _    _  _____         _______  ____   _____
    / ____|| |     / __ \ | |  | ||  __ \    /\ |__   __|/ __ \ |  __ \
   | |     | |    | |  | || |  | || |  | |  /  \   | |  | |  | || |__) |
   | |     | |    | |  | || |  | || |  | | / /\ \  | |  | |  | ||  _  /
   | |____ | |____| |__| || |__| || |__| |/ ____ \ | |  | |__| || | \ \
    \_____||______|\____/  \____/ |_____//_/    \_\|_|   \____/ |_|  \_\

Started at [2023-12-21 21:14:30] 
     _____  _       ____   _    _  _____         _______  ____   _____
    / ____|| |     / __ \ | |  | ||  __ \    /\ |__   __|/ __ \ |  __ \
   | |     | |    | |  | || |  | || |  | |  /  \   | |  | |  | || |__) |
   | |     | |    | |  | || |  | || |  | | / /\ \  | |  | |  | ||  _  /
   | |____ | |____| |__| || |__| || |__| |/ ____ \ | |  | |__| || | \ \
    \_____||______|\____/  \____/ |_____//_/    \_\|_|   \____/ |_|  \_\

Started at [2023-12-21 21:20:33] 
     _____  _       ____   _    _  _____         _______  ____   _____
    / ____|| |     / __ \ | |  | ||  __ \    /\ |__   __|/ __ \ |  __ \
   | |     | |    | |  | || |  | || |  | |  /  \   | |  | |  | || |__) |
   | |     | |    | |  | || |  | || |  | | / /\ \  | |  | |  | ||  _  /
   | |____ | |____| |__| || |__| || |__| |/ ____ \ | |  | |__| || | \ \
    \_____||______|\____/  \____/ |_____//_/    \_\|_|   \____/ |_|  \_\

Started at [2023-12-21 21:24:35] 
     _____  _       ____   _    _  _____         _______  ____   _____
    / ____|| |     / __ \ | |  | ||  __ \    /\ |__   __|/ __ \ |  __ \
   | |     | |    | |  | || |  | || |  | |  /  \   | |  | |  | || |__) |
   | |     | |    | |  | || |  | || |  | | / /\ \  | |  | |  | ||  _  /
   | |____ | |____| |__| || |__| || |__| |/ ____ \ | |  | |__| || | \ \
    \_____||______|\____/  \____/ |_____//_/    \_\|_|   \____/ |_|  \_\

Started at [2023-12-21 21:27:52] 
     _____  _       ____   _    _  _____         _______  ____   _____
    / ____|| |     / __ \ | |  | ||  __ \    /\ |__   __|/ __ \ |  __ \
   | |     | |    | |  | || |  | || |  | |  /  \   | |  | |  | || |__) |
   | |     | |    | |  | || |  | || |  | | / /\ \  | |  | |  | ||  _  /
   | |____ | |____| |__| || |__| || |__| |/ ____ \ | |  | |__| || | \ \
    \_____||______|\____/  \____/ |_____//_/    \_\|_|   \____/ |_|  \_\

Started at [2023-12-21 21:29:59] 
     _____  _       ____   _    _  _____         _______  ____   _____
    / ____|| |     / __ \ | |  | ||  __ \    /\ |__   __|/ __ \ |  __ \
   | |     | |    | |  | || |  | || |  | |  /  \   | |  | |  | || |__) |
   | |     | |    | |  | || |  | || |  | | / /\ \  | |  | |  | ||  _  /
   | |____ | |____| |__| || |__| || |__| |/ ____ \ | |  | |__| || | \ \
    \_____||______|\____/  \____/ |_____//_/    \_\|_|   \____/ |_|  \_\

Started at [2023-12-21 21:32:25] 
     _____  _       ____   _    _  _____         _______  ____   _____
    / ____|| |     / __ \ | |  | ||  __ \    /\ |__   __|/ __ \ |  __ \
   | |     | |    | |  | || |  | || |  | |  /  \   | |  | |  | || |__) |
   | |     | |    | |  | || |  | || |  | | / /\ \  | |  | |  | ||  _  /
   | |____ | |____| |__| || |__| || |__| |/ ____ \ | |  | |__| || | \ \
    \_____||______|\____/  \____/ |_____//_/    \_\|_|   \____/ |_|  \_\

Started at [2023-12-21 21:44:59] 
     _____  _       ____   _    _  _____         _______  ____   _____
    / ____|| |     / __ \ | |  | ||  __ \    /\ |__   __|/ __ \ |  __ \
   | |     | |    | |  | || |  | || |  | |  /  \   | |  | |  | || |__) |
   | |     | |    | |  | || |  | || |  | | / /\ \  | |  | |  | ||  _  /
   | |____ | |____| |__| || |__| || |__| |/ ____ \ | |  | |__| || | \ \
    \_____||______|\____/  \____/ |_____//_/    \_\|_|   \____/ |_|  \_\

Started at [2023-12-21 21:49:21] 
