
Started at [2023-12-11 16:25:43] 
[LOG][2023-12-11 16:27:50] El usuario con id '18' ha sido creado
[LOG][2023-12-11 16:28:07] El usuario con id '18' ha iniciado sesión, tiene el rol 'ROLE_USER'

Started at [2023-12-11 16:29:57] 
[LOG][2023-12-11 16:30:12] El usuario con id '18' ha iniciado sesión, tiene el rol 'ROLE_USER'

Started at [2023-12-11 16:32:26] 
[LOG][2023-12-11 16:32:56] El usuario con id '18' ha iniciado sesión, tiene el rol 'ROLE_USER'

Started at [2023-12-11 16:35:00] 
[LOG][2023-12-11 16:35:18] El usuario con id '18' ha iniciado sesión, tiene el rol 'ROLE_USER'

Started at [2023-12-11 16:36:56] 
[LOG][2023-12-11 16:37:14] El usuario con id '18' ha iniciado sesión, tiene el rol 'ROLE_USER'

Started at [2023-12-11 16:39:01] 
[LOG][2023-12-11 16:39:34] El usuario con id '18' ha iniciado sesión, tiene el rol 'ROLE_USER'

Started at [2023-12-11 16:41:10] 
[LOG][2023-12-11 16:41:31] El usuario con id '18' ha iniciado sesión, tiene el rol 'ROLE_USER'

Started at [2023-12-11 16:46:27] 
[LOG][2023-12-11 16:46:43] El usuario con id '18' ha intentado iniciar sesión, tiene '1' intentos fallidos
[LOG][2023-12-11 16:46:48] El usuario con id '18' ha iniciado sesión, tiene el rol 'ROLE_USER'
[LOG][2023-12-11 16:46:48] El usuario con id '18' ha iniciado sesión, he reiniciado a '0' los intentos fallidos

Started at [2023-12-11 16:47:54] 
[LOG][2023-12-11 16:48:20] El usuario con id '18' ha iniciado sesión, tiene el rol 'ROLE_USER'

Started at [2023-12-11 16:51:31] 
[LOG][2023-12-11 16:51:45] El usuario con id '18' ha iniciado sesión, tiene el rol 'ROLE_USER'

Started at [2023-12-11 16:52:46] 
[LOG][2023-12-11 16:53:04] El usuario con id '18' ha iniciado sesión, tiene el rol 'ROLE_USER'

Started at [2023-12-11 16:53:25] 
[LOG][2023-12-11 16:53:37] El usuario con id '18' ha iniciado sesión, tiene el rol 'ROLE_USER'

Started at [2023-12-11 16:57:34] 
[LOG][2023-12-11 16:57:51] El usuario con id '18' ha iniciado sesión, tiene el rol 'ROLE_USER'

Started at [2023-12-11 17:01:38] 
[LOG][2023-12-11 17:02:29] El usuario con id '18' ha iniciado sesión, tiene el rol 'ROLE_USER'

Started at [2023-12-11 17:02:54] 
[LOG][2023-12-11 17:03:08] El usuario con id '18' ha iniciado sesión, tiene el rol 'ROLE_USER'

Started at [2023-12-11 17:09:49] 
[LOG][2023-12-11 17:10:06] El usuario con id '18' ha iniciado sesión, tiene el rol 'ROLE_USER'

Started at [2023-12-11 17:13:25] 
[LOG][2023-12-11 17:13:45] El usuario con id '18' ha iniciado sesión, tiene el rol 'ROLE_USER'

Started at [2023-12-11 17:17:46] 
[LOG][2023-12-11 17:18:05] El usuario con id '18' ha iniciado sesión, tiene el rol 'ROLE_USER'

Started at [2023-12-11 17:19:59] 
[LOG][2023-12-11 17:20:15] El usuario con id '18' ha iniciado sesión, tiene el rol 'ROLE_USER'

Started at [2023-12-11 17:23:23] 
[LOG][2023-12-11 17:23:44] El usuario con id '18' ha iniciado sesión, tiene el rol 'ROLE_USER'

Started at [2023-12-11 17:25:22] 
[LOG][2023-12-11 17:25:46] El usuario con id '18' ha iniciado sesión, tiene el rol 'ROLE_USER'

Started at [2023-12-11 17:26:42] 
[LOG][2023-12-11 17:26:58] El usuario con id '18' ha iniciado sesión, tiene el rol 'ROLE_USER'

Started at [2023-12-11 17:29:14] 
[LOG][2023-12-11 17:29:32] El usuario con id '18' ha iniciado sesión, tiene el rol 'ROLE_USER'

Started at [2023-12-11 17:42:36] 
[LOG][2023-12-11 17:42:56] El usuario con id '18' ha iniciado sesión, tiene el rol 'ROLE_USER'

Started at [2023-12-11 17:44:55] 
[LOG][2023-12-11 17:45:11] El usuario con id '18' ha iniciado sesión, tiene el rol 'ROLE_USER'

Started at [2023-12-11 17:46:29] 
[LOG][2023-12-11 17:46:51] El usuario con id '18' ha iniciado sesión, tiene el rol 'ROLE_USER'

Started at [2023-12-11 17:53:03] 
[LOG][2023-12-11 17:53:22] El usuario con id '18' ha iniciado sesión, tiene el rol 'ROLE_USER'
