     _____  _       ____   _    _  _____         _______  ____   _____
    / ____|| |     / __ \ | |  | ||  __ \    /\ |__   __|/ __ \ |  __ \
   | |     | |    | |  | || |  | || |  | |  /  \   | |  | |  | || |__) |
   | |     | |    | |  | || |  | || |  | | / /\ \  | |  | |  | ||  _  /
   | |____ | |____| |__| || |__| || |__| |/ ____ \ | |  | |__| || | \ \
    \_____||______|\____/  \____/ |_____//_/    \_\|_|   \____/ |_|  \_\

Started at [2024-01-19 15:27:47] 
     _____  _       ____   _    _  _____         _______  ____   _____
    / ____|| |     / __ \ | |  | ||  __ \    /\ |__   __|/ __ \ |  __ \
   | |     | |    | |  | || |  | || |  | |  /  \   | |  | |  | || |__) |
   | |     | |    | |  | || |  | || |  | | / /\ \  | |  | |  | ||  _  /
   | |____ | |____| |__| || |__| || |__| |/ ____ \ | |  | |__| || | \ \
    \_____||______|\____/  \____/ |_____//_/    \_\|_|   \____/ |_|  \_\

Started at [2024-01-19 15:27:58] 
     _____  _       ____   _    _  _____         _______  ____   _____
    / ____|| |     / __ \ | |  | ||  __ \    /\ |__   __|/ __ \ |  __ \
   | |     | |    | |  | || |  | || |  | |  /  \   | |  | |  | || |__) |
   | |     | |    | |  | || |  | || |  | | / /\ \  | |  | |  | ||  _  /
   | |____ | |____| |__| || |__| || |__| |/ ____ \ | |  | |__| || | \ \
    \_____||______|\____/  \____/ |_____//_/    \_\|_|   \____/ |_|  \_\

Started at [2024-01-19 15:28:11] 
     _____  _       ____   _    _  _____         _______  ____   _____
    / ____|| |     / __ \ | |  | ||  __ \    /\ |__   __|/ __ \ |  __ \
   | |     | |    | |  | || |  | || |  | |  /  \   | |  | |  | || |__) |
   | |     | |    | |  | || |  | || |  | | / /\ \  | |  | |  | ||  _  /
   | |____ | |____| |__| || |__| || |__| |/ ____ \ | |  | |__| || | \ \
    \_____||______|\____/  \____/ |_____//_/    \_\|_|   \____/ |_|  \_\

Started at [2024-01-19 15:29:11] 
