     _____  _       ____   _    _  _____         _______  ____   _____
    / ____|| |     / __ \ | |  | ||  __ \    /\ |__   __|/ __ \ |  __ \
   | |     | |    | |  | || |  | || |  | |  /  \   | |  | |  | || |__) |
   | |     | |    | |  | || |  | || |  | | / /\ \  | |  | |  | ||  _  /
   | |____ | |____| |__| || |__| || |__| |/ ____ \ | |  | |__| || | \ \
    \_____||______|\____/  \____/ |_____//_/    \_\|_|   \____/ |_|  \_\

Started at [2023-12-18 15:59:51] 
     _____  _       ____   _    _  _____         _______  ____   _____
    / ____|| |     / __ \ | |  | ||  __ \    /\ |__   __|/ __ \ |  __ \
   | |     | |    | |  | || |  | || |  | |  /  \   | |  | |  | || |__) |
   | |     | |    | |  | || |  | || |  | | / /\ \  | |  | |  | ||  _  /
   | |____ | |____| |__| || |__| || |__| |/ ____ \ | |  | |__| || | \ \
    \_____||______|\____/  \____/ |_____//_/    \_\|_|   \____/ |_|  \_\

Started at [2023-12-18 16:06:53] 
[LOG][2023-12-18 16:07:23] El usuario con id '8' ha iniciado sesión, tiene el rol 'ROLE_SUPERADMIN'
[LOG][2023-12-18 16:07:29] El usuario con id '12' ha sido bloqueado por un administrador.
[LOG][2023-12-18 16:07:31] El usuario con id '12' ha sido desbloqueado por un administrador.
     _____  _       ____   _    _  _____         _______  ____   _____
    / ____|| |     / __ \ | |  | ||  __ \    /\ |__   __|/ __ \ |  __ \
   | |     | |    | |  | || |  | || |  | |  /  \   | |  | |  | || |__) |
   | |     | |    | |  | || |  | || |  | | / /\ \  | |  | |  | ||  _  /
   | |____ | |____| |__| || |__| || |__| |/ ____ \ | |  | |__| || | \ \
    \_____||______|\____/  \____/ |_____//_/    \_\|_|   \____/ |_|  \_\

Started at [2023-12-18 16:19:23] 
[LOG][2023-12-18 16:20:05] El usuario con id '8' ha iniciado sesión, tiene el rol 'ROLE_SUPERADMIN'
     _____  _       ____   _    _  _____         _______  ____   _____
    / ____|| |     / __ \ | |  | ||  __ \    /\ |__   __|/ __ \ |  __ \
   | |     | |    | |  | || |  | || |  | |  /  \   | |  | |  | || |__) |
   | |     | |    | |  | || |  | || |  | | / /\ \  | |  | |  | ||  _  /
   | |____ | |____| |__| || |__| || |__| |/ ____ \ | |  | |__| || | \ \
    \_____||______|\____/  \____/ |_____//_/    \_\|_|   \____/ |_|  \_\

Started at [2023-12-18 16:32:27] 
     _____  _       ____   _    _  _____         _______  ____   _____
    / ____|| |     / __ \ | |  | ||  __ \    /\ |__   __|/ __ \ |  __ \
   | |     | |    | |  | || |  | || |  | |  /  \   | |  | |  | || |__) |
   | |     | |    | |  | || |  | || |  | | / /\ \  | |  | |  | ||  _  /
   | |____ | |____| |__| || |__| || |__| |/ ____ \ | |  | |__| || | \ \
    \_____||______|\____/  \____/ |_____//_/    \_\|_|   \____/ |_|  \_\

Started at [2023-12-18 17:12:41] 
     _____  _       ____   _    _  _____         _______  ____   _____
    / ____|| |     / __ \ | |  | ||  __ \    /\ |__   __|/ __ \ |  __ \
   | |     | |    | |  | || |  | || |  | |  /  \   | |  | |  | || |__) |
   | |     | |    | |  | || |  | || |  | | / /\ \  | |  | |  | ||  _  /
   | |____ | |____| |__| || |__| || |__| |/ ____ \ | |  | |__| || | \ \
    \_____||______|\____/  \____/ |_____//_/    \_\|_|   \____/ |_|  \_\

Started at [2023-12-18 17:14:37] 
     _____  _       ____   _    _  _____         _______  ____   _____
    / ____|| |     / __ \ | |  | ||  __ \    /\ |__   __|/ __ \ |  __ \
   | |     | |    | |  | || |  | || |  | |  /  \   | |  | |  | || |__) |
   | |     | |    | |  | || |  | || |  | | / /\ \  | |  | |  | ||  _  /
   | |____ | |____| |__| || |__| || |__| |/ ____ \ | |  | |__| || | \ \
    \_____||______|\____/  \____/ |_____//_/    \_\|_|   \____/ |_|  \_\

Started at [2023-12-18 17:15:23] 
     _____  _       ____   _    _  _____         _______  ____   _____
    / ____|| |     / __ \ | |  | ||  __ \    /\ |__   __|/ __ \ |  __ \
   | |     | |    | |  | || |  | || |  | |  /  \   | |  | |  | || |__) |
   | |     | |    | |  | || |  | || |  | | / /\ \  | |  | |  | ||  _  /
   | |____ | |____| |__| || |__| || |__| |/ ____ \ | |  | |__| || | \ \
    \_____||______|\____/  \____/ |_____//_/    \_\|_|   \____/ |_|  \_\

Started at [2023-12-18 17:17:09] 
[LOG][2023-12-18 17:18:24] El usuario con id '20' ha sido creado
[LOG][2023-12-18 17:18:36] El usuario con id '20' ha iniciado sesión, tiene el rol 'ROLE_USER'
     _____  _       ____   _    _  _____         _______  ____   _____
    / ____|| |     / __ \ | |  | ||  __ \    /\ |__   __|/ __ \ |  __ \
   | |     | |    | |  | || |  | || |  | |  /  \   | |  | |  | || |__) |
   | |     | |    | |  | || |  | || |  | | / /\ \  | |  | |  | ||  _  /
   | |____ | |____| |__| || |__| || |__| |/ ____ \ | |  | |__| || | \ \
    \_____||______|\____/  \____/ |_____//_/    \_\|_|   \____/ |_|  \_\

Started at [2023-12-18 17:27:33] 
[LOG][2023-12-18 17:28:49] El usuario con id '1' ha sido creado
     _____  _       ____   _    _  _____         _______  ____   _____
    / ____|| |     / __ \ | |  | ||  __ \    /\ |__   __|/ __ \ |  __ \
   | |     | |    | |  | || |  | || |  | |  /  \   | |  | |  | || |__) |
   | |     | |    | |  | || |  | || |  | | / /\ \  | |  | |  | ||  _  /
   | |____ | |____| |__| || |__| || |__| |/ ____ \ | |  | |__| || | \ \
    \_____||______|\____/  \____/ |_____//_/    \_\|_|   \____/ |_|  \_\

Started at [2023-12-18 17:30:25] 
     _____  _       ____   _    _  _____         _______  ____   _____
    / ____|| |     / __ \ | |  | ||  __ \    /\ |__   __|/ __ \ |  __ \
   | |     | |    | |  | || |  | || |  | |  /  \   | |  | |  | || |__) |
   | |     | |    | |  | || |  | || |  | | / /\ \  | |  | |  | ||  _  /
   | |____ | |____| |__| || |__| || |__| |/ ____ \ | |  | |__| || | \ \
    \_____||______|\____/  \____/ |_____//_/    \_\|_|   \____/ |_|  \_\

Started at [2023-12-18 17:48:43] 
[LOG][2023-12-18 17:49:51] El usuario con id '1' ha sido creado
     _____  _       ____   _    _  _____         _______  ____   _____
    / ____|| |     / __ \ | |  | ||  __ \    /\ |__   __|/ __ \ |  __ \
   | |     | |    | |  | || |  | || |  | |  /  \   | |  | |  | || |__) |
   | |     | |    | |  | || |  | || |  | | / /\ \  | |  | |  | ||  _  /
   | |____ | |____| |__| || |__| || |__| |/ ____ \ | |  | |__| || | \ \
    \_____||______|\____/  \____/ |_____//_/    \_\|_|   \____/ |_|  \_\

Started at [2023-12-18 17:50:07] 
